<?xml version="1.0" encoding="UTF-8"?>
<!-- Generated by org.testng.reporters.JUnitReportReporter -->
<testsuite skipped="0" hostname="New-PC" name="com.grootantech.qa.testcases.Image2" tests="3" failures="0" timestamp="2020-12-07T16:03:17 IST" time="29.737" errors="0">
  <testcase name="compare" time="6.632" classname="com.grootantech.qa.testcases.Image2"/>
  <system-out/>
  <testcase name="teamsImageComparison" time="22.047" classname="com.grootantech.qa.testcases.Image2"/>
  <system-out/>
  <testcase name="junioreng" time="1.058" classname="com.grootantech.qa.testcases.Image2"/>
  <system-out/>
</testsuite> <!-- com.grootantech.qa.testcases.Image2 -->
