<?xml version="1.0" encoding="UTF-8"?>
<!-- Generated by org.testng.reporters.JUnitReportReporter -->
<testsuite skipped="0" hostname="New-PC" name="com.grootantech.qa.testcases.ImageComparison" tests="3" failures="0" timestamp="2020-12-08T20:14:23 IST" time="26.106" errors="0">
  <testcase name="compare" time="5.742" classname="com.grootantech.qa.testcases.ImageComparison"/>
  <system-out/>
  <testcase name="teamsImageComparison" time="19.631" classname="com.grootantech.qa.testcases.ImageComparison"/>
  <system-out/>
  <testcase name="junioreng" time="0.733" classname="com.grootantech.qa.testcases.ImageComparison"/>
  <system-out/>
</testsuite> <!-- com.grootantech.qa.testcases.ImageComparison -->
