<?xml version="1.0" encoding="UTF-8"?>
<!-- Generated by org.testng.reporters.JUnitReportReporter -->
<testsuite skipped="2" hostname="New-PC" name="com.grootantech.qa.testcases.MenuNavigation3" tests="4" failures="0" timestamp="2020-12-04T16:59:01 IST" time="0.092" errors="0">
  <testcase name="HomeMenuNavigation" time="0.089" classname="com.grootantech.qa.testcases.MenuNavigation3"/>
  <system-out/>
  <testcase name="HomeMenuNavigation1" time="0.003" classname="com.grootantech.qa.testcases.MenuNavigation3"/>
  <system-out/>
  <testcase name="HomeMenuNavigation3" classname="com.grootantech.qa.testcases.MenuNavigation3">
    <skipped/>
  </testcase> <!-- HomeMenuNavigation3 -->
  <system-out/>
  <testcase name="HomeMenuNavigation2" classname="com.grootantech.qa.testcases.MenuNavigation3">
    <skipped/>
  </testcase> <!-- HomeMenuNavigation2 -->
  <system-out/>
</testsuite> <!-- com.grootantech.qa.testcases.MenuNavigation3 -->
