<?xml version="1.0" encoding="UTF-8"?>
<!-- Generated by org.testng.reporters.JUnitReportReporter -->
<testsuite skipped="0" hostname="New-PC" name="com.grootantech.qa.testcases.MenuNavigation" tests="1" failures="0" timestamp="2020-12-08T09:20:49 IST" time="66.366" errors="0">
  <testcase name="menuNNavigation" time="66.366" classname="com.grootantech.qa.testcases.MenuNavigation"/>
  <system-out/>
</testsuite> <!-- com.grootantech.qa.testcases.MenuNavigation -->
