<?xml version="1.0" encoding="UTF-8"?>
<!-- Generated by org.testng.reporters.JUnitReportReporter -->
<testsuite skipped="0" hostname="New-PC" name="com.grootantech.qa.testcases.Testt" tests="1" failures="0" timestamp="2020-12-05T08:36:40 IST" time="1.872" errors="0">
  <testcase name="excel" time="1.872" classname="com.grootantech.qa.testcases.Testt"/>
  <system-out/>
</testsuite> <!-- com.grootantech.qa.testcases.Testt -->
