<?xml version="1.0" encoding="UTF-8"?>
<!-- Generated by org.testng.reporters.JUnitReportReporter -->
<testsuite skipped="0" hostname="New-PC" name="com.grootantech.qa.testcases.TT" tests="1" failures="0" timestamp="2020-12-07T18:46:06 IST" time="24.277" errors="0">
  <testcase name="dd" time="24.277" classname="com.grootantech.qa.testcases.TT"/>
  <system-out/>
</testsuite> <!-- com.grootantech.qa.testcases.TT -->
