<?xml version="1.0" encoding="UTF-8"?>
<!-- Generated by org.testng.reporters.JUnitReportReporter -->
<testsuite skipped="0" hostname="New-PC" name="com.grootantech.qa.testcases.Image" tests="2" failures="0" timestamp="2020-12-07T11:25:42 IST" time="21.035" errors="0">
  <testcase name="teamsImageComparison" time="20.188" classname="com.grootantech.qa.testcases.Image"/>
  <system-out/>
  <testcase name="junioreng" time="0.847" classname="com.grootantech.qa.testcases.Image"/>
  <system-out/>
</testsuite> <!-- com.grootantech.qa.testcases.Image -->
