<?xml version="1.0" encoding="UTF-8"?>
<!-- Generated by org.testng.reporters.JUnitReportReporter -->
<testsuite skipped="0" hostname="New-PC" name="com.grootantech.qa.testcases.ImageComparison" tests="3" failures="0" timestamp="2020-12-08T09:22:07 IST" time="29.420" errors="0">
  <testcase name="compare" time="8.796" classname="com.grootantech.qa.testcases.ImageComparison"/>
  <system-out/>
  <testcase name="teamsImageComparison" time="19.389" classname="com.grootantech.qa.testcases.ImageComparison"/>
  <system-out/>
  <testcase name="junioreng" time="1.235" classname="com.grootantech.qa.testcases.ImageComparison"/>
  <system-out/>
</testsuite> <!-- com.grootantech.qa.testcases.ImageComparison -->
