<?xml version="1.0" encoding="UTF-8"?>
<!-- Generated by org.testng.reporters.JUnitReportReporter -->
<testsuite skipped="2" hostname="New-PC" name="packq.MenuNavigation3" tests="4" failures="0" timestamp="2020-12-04T16:53:07 IST" time="0.061" errors="0">
  <testcase name="HomeMenuNavigation1" time="0.016" classname="packq.MenuNavigation3"/>
  <system-out/>
  <testcase name="HomeMenuNavigation" time="0.045" classname="packq.MenuNavigation3"/>
  <system-out/>
  <testcase name="HomeMenuNavigation2" classname="packq.MenuNavigation3">
    <skipped/>
  </testcase> <!-- HomeMenuNavigation2 -->
  <system-out/>
  <testcase name="HomeMenuNavigation3" classname="packq.MenuNavigation3">
    <skipped/>
  </testcase> <!-- HomeMenuNavigation3 -->
  <system-out/>
</testsuite> <!-- packq.MenuNavigation3 -->
